<?xml version="1.0" encoding="UTF-8" standalone="no"?><testsuite errors="0" failures="1" name="SOLI BCP" skipped="0" tests="1" time="343.99" timestamp="2023-12-14 02:51:56"><testcase name="Realizar todos los flujos de YAPE"><failure message="&#10;Expected: an element that is enabled&#10;     but: no matching element found by [Codigo QR generado correctamente located with: xpath: //android.widget.TextView[contains(@text,'Escanea este QR')]] was not enabled" type="java.lang.AssertionError">
Expected: an element that is enabled
     but: no matching element found by [Codigo QR generado correctamente located with: xpath: //android.widget.TextView[contains(@text,'Escanea este QR')]] was not enabled</failure><system-err>
Expected: an element that is enabled
     but: no matching element found by [Codigo QR generado correctamente located with: xpath: //android.widget.TextView[contains(@text,'Escanea este QR')]] was not enabled
co.com.bcp.questions.IsEnabled.answeredBy(IsEnabled.java:27)
co.com.bcp.steps.yape.CashInOutSteps.validoQueSeHayaGeneradoMiCodigoQrCorrectamente(CashInOutSteps.java:64)
io.cucumber.java.Invoker.doInvoke(Invoker.java:66)
io.cucumber.java.Invoker.invoke(Invoker.java:24)
io.cucumber.java.AbstractGlueDefinition.invokeMethod(AbstractGlueDefinition.java:47)
io.cucumber.java.JavaStepDefinition.execute(JavaStepDefinition.java:29)
io.cucumber.core.runner.CoreStepDefinition.execute(CoreStepDefinition.java:66)
io.cucumber.core.runner.PickleStepDefinitionMatch.runStep(PickleStepDefinitionMatch.java:63)
io.cucumber.core.runner.TestStep.executeStep(TestStep.java:85)
io.cucumber.core.runner.TestStep.run(TestStep.java:57)
io.cucumber.core.runner.PickleStepTestStep.run(PickleStepTestStep.java:51)
io.cucumber.core.runner.TestCase.run(TestCase.java:84)
io.cucumber.core.runner.Runner.runPickle(Runner.java:75)
io.cucumber.core.runtime.CucumberExecutionContext.lambda$runTestCase$5(CucumberExecutionContext.java:129)
io.cucumber.core.runtime.RethrowingThrowableCollector.executeAndThrow(RethrowingThrowableCollector.java:23)
io.cucumber.core.runtime.CucumberExecutionContext.runTestCase(CucumberExecutionContext.java:129)
io.cucumber.junit.FeatureRunner.runChild(FeatureRunner.java:144)
io.cucumber.junit.FeatureRunner.runChild(FeatureRunner.java:28)
io.cucumber.junit.FeatureRunner.run(FeatureRunner.java:137)
io.cucumber.junit.CucumberSerenityRunner.runChild(CucumberSerenityRunner.java:259)
io.cucumber.junit.CucumberSerenityRunner.runChild(CucumberSerenityRunner.java:59)
worker.org.gradle.process.internal.worker.GradleWorkerMain.run(GradleWorkerMain.java:69)
worker.org.gradle.process.internal.worker.GradleWorkerMain.main(GradleWorkerMain.java:74)
</system-err></testcase></testsuite>